<?xml version="1.0" encoding="UTF-8"?>
<!-- Generated by org.testng.reporters.JUnitXMLReporter -->
<testsuite ignored="0" hostname="LAPTOP-J74PBGG1" failures="0" tests="3" name="Default test" time="17.043" errors="0" timestamp="2022-07-19T20:56:42 NZST">
  <testcase classname="qa.testcases.HomePageTest" name="registerNewUser" time="1.217"/>
  <testcase classname="qa.testcases.HomePageTest" name="signIn" time="2.365"/>
  <testcase classname="qa.testcases.HomePageTest" name="reRegisterUser" time="3.49"/>
</testsuite> <!-- Default test -->
