<?xml version="1.0" encoding="UTF-8"?>
<!-- Generated by org.testng.reporters.JUnitXMLReporter -->
<testsuite ignored="5" hostname="LAPTOP-J74PBGG1" failures="0" tests="1" name="Default test" time="9.655" errors="0" timestamp="2022-07-20T18:36:31 NZST">
  <testcase classname="qa.testcases.HomePageTest" name="addComment" time="5.584"/>
  <testcase classname="qa.testcases.HomePageTest" name="registerNewUser" time="0.0">
    <ignored/>
  </testcase> <!-- registerNewUser -->
  <testcase classname="qa.testcases.HomePageTest" name="reRegisterUser" time="0.0">
    <ignored/>
  </testcase> <!-- reRegisterUser -->
  <testcase classname="qa.testcases.HomePageTest" name="signIn" time="0.0">
    <ignored/>
  </testcase> <!-- signIn -->
  <testcase classname="qa.testcases.HomePageTest" name="checkBrokenLinks" time="0.0">
    <ignored/>
  </testcase> <!-- checkBrokenLinks -->
  <testcase classname="qa.testcases.HomePageTest" name="verifyPasswordNotification" time="0.0">
    <ignored/>
  </testcase> <!-- verifyPasswordNotification -->
</testsuite> <!-- Default test -->
