<?xml version="1.0" encoding="UTF-8"?>
<!-- Generated by org.testng.reporters.JUnitXMLReporter -->
<testsuite ignored="0" hostname="LAPTOP-J74PBGG1" failures="0" tests="6" name="Test Params" time="28.991" errors="0" timestamp="2022-07-20T18:41:28 NZST">
  <testcase classname="qa.testcases.HomePageTest" name="addComment" time="3.76"/>
  <testcase classname="qa.testcases.HomePageTest" name="checkBrokenLinks" time="1.752"/>
  <testcase classname="qa.testcases.HomePageTest" name="verifyPasswordNotification" time="0.515"/>
  <testcase classname="qa.testcases.HomePageTest" name="registerNewUser" time="1.057"/>
  <testcase classname="qa.testcases.HomePageTest" name="signIn" time="1.043"/>
  <testcase classname="qa.testcases.HomePageTest" name="reRegisterUser" time="3.332"/>
</testsuite> <!-- Test Params -->
