<?xml version="1.0" encoding="UTF-8"?>
<!-- Generated by org.testng.reporters.JUnitXMLReporter -->
<testsuite ignored="0" hostname="LAPTOP-J74PBGG1" failures="0" tests="6" name="Test Params" time="32.854" errors="0" timestamp="2022-07-20T18:08:24 NZST">
  <testcase classname="qa.testcases.HomePageTest" name="addComment" time="5.994"/>
  <testcase classname="qa.testcases.HomePageTest" name="checkBrokenLinks" time="1.815"/>
  <testcase classname="qa.testcases.HomePageTest" name="verifyPasswordNotification" time="0.544"/>
  <testcase classname="qa.testcases.HomePageTest" name="registerNewUser" time="1.519"/>
  <testcase classname="qa.testcases.HomePageTest" name="signIn" time="0.994"/>
  <testcase classname="qa.testcases.HomePageTest" name="reRegisterUser" time="3.331"/>
</testsuite> <!-- Test Params -->
