<?xml version="1.0" encoding="UTF-8"?>
<testng-results ignored="0" total="6" passed="6" failed="0" skipped="0">
  <reporter-output>
  </reporter-output>
  <suite started-at="2022-07-20T18:40:59 NZST" name="Buggy cars suite" finished-at="2022-07-20T18:41:28 NZST" duration-ms="28991">
    <groups>
      <group name="regression">
        <method signature="HomePageTest.registerNewUser()[pri:1, instance:qa.testcases.HomePageTest@197d671]" name="registerNewUser" class="qa.testcases.HomePageTest"/>
        <method signature="HomePageTest.signIn()[pri:2, instance:qa.testcases.HomePageTest@197d671]" name="signIn" class="qa.testcases.HomePageTest"/>
        <method signature="HomePageTest.reRegisterUser()[pri:3, instance:qa.testcases.HomePageTest@197d671]" name="reRegisterUser" class="qa.testcases.HomePageTest"/>
      </group> <!-- regression -->
    </groups>
    <test started-at="2022-07-20T18:40:59 NZST" name="Test Params" finished-at="2022-07-20T18:41:28 NZST" duration-ms="28991">
      <class name="qa.testcases.HomePageTest">
        <test-method is-config="true" signature="setVariables()[pri:0, instance:qa.testcases.HomePageTest@197d671]" started-at="2022-07-20T18:40:59 NZST" name="setVariables" finished-at="2022-07-20T18:40:59 NZST" duration-ms="132" status="PASS">
          <reporter-output>
          </reporter-output>
        </test-method> <!-- setVariables -->
        <test-method is-config="true" signature="setUp()[pri:0, instance:qa.testcases.HomePageTest@197d671]" started-at="2022-07-20T18:40:59 NZST" name="setUp" finished-at="2022-07-20T18:41:01 NZST" duration-ms="2635" status="PASS">
          <reporter-output>
          </reporter-output>
        </test-method> <!-- setUp -->
        <test-method signature="addComment()[pri:0, instance:qa.testcases.HomePageTest@197d671]" started-at="2022-07-20T18:41:01 NZST" name="addComment" finished-at="2022-07-20T18:41:05 NZST" duration-ms="3760" status="PASS">
          <reporter-output>
          </reporter-output>
        </test-method> <!-- addComment -->
        <test-method is-config="true" signature="tearDown(org.testng.ITestResult)[pri:0, instance:qa.testcases.HomePageTest@197d671]" started-at="2022-07-20T18:41:05 NZST" name="tearDown" finished-at="2022-07-20T18:41:06 NZST" duration-ms="738" status="PASS">
          <params>
            <param index="0">
              <value>
                <![CDATA[[TestResult name=addComment status=SUCCESS method=HomePageTest.addComment()[pri:0, instance:qa.testcases.HomePageTest@197d671] output={null}]]]>
              </value>
            </param>
          </params>
          <reporter-output>
          </reporter-output>
        </test-method> <!-- tearDown -->
        <test-method is-config="true" signature="setUp()[pri:0, instance:qa.testcases.HomePageTest@197d671]" started-at="2022-07-20T18:41:06 NZST" name="setUp" finished-at="2022-07-20T18:41:08 NZST" duration-ms="1970" status="PASS">
          <reporter-output>
          </reporter-output>
        </test-method> <!-- setUp -->
        <test-method signature="checkBrokenLinks()[pri:0, instance:qa.testcases.HomePageTest@197d671]" started-at="2022-07-20T18:41:08 NZST" name="checkBrokenLinks" finished-at="2022-07-20T18:41:10 NZST" duration-ms="1752" status="PASS">
          <reporter-output>
          </reporter-output>
        </test-method> <!-- checkBrokenLinks -->
        <test-method is-config="true" signature="tearDown(org.testng.ITestResult)[pri:0, instance:qa.testcases.HomePageTest@197d671]" started-at="2022-07-20T18:41:10 NZST" name="tearDown" finished-at="2022-07-20T18:41:10 NZST" duration-ms="781" status="PASS">
          <params>
            <param index="0">
              <value>
                <![CDATA[[TestResult name=checkBrokenLinks status=SUCCESS method=HomePageTest.checkBrokenLinks()[pri:0, instance:qa.testcases.HomePageTest@197d671] output={null}]]]>
              </value>
            </param>
          </params>
          <reporter-output>
          </reporter-output>
        </test-method> <!-- tearDown -->
        <test-method is-config="true" signature="setUp()[pri:0, instance:qa.testcases.HomePageTest@197d671]" started-at="2022-07-20T18:41:10 NZST" name="setUp" finished-at="2022-07-20T18:41:12 NZST" duration-ms="2000" status="PASS">
          <reporter-output>
          </reporter-output>
        </test-method> <!-- setUp -->
        <test-method signature="verifyPasswordNotification()[pri:0, instance:qa.testcases.HomePageTest@197d671]" started-at="2022-07-20T18:41:12 NZST" name="verifyPasswordNotification" finished-at="2022-07-20T18:41:13 NZST" duration-ms="515" status="PASS">
          <reporter-output>
          </reporter-output>
        </test-method> <!-- verifyPasswordNotification -->
        <test-method is-config="true" signature="tearDown(org.testng.ITestResult)[pri:0, instance:qa.testcases.HomePageTest@197d671]" started-at="2022-07-20T18:41:13 NZST" name="tearDown" finished-at="2022-07-20T18:41:14 NZST" duration-ms="732" status="PASS">
          <params>
            <param index="0">
              <value>
                <![CDATA[[TestResult name=verifyPasswordNotification status=SUCCESS method=HomePageTest.verifyPasswordNotification()[pri:0, instance:qa.testcases.HomePageTest@197d671] output={null}]]]>
              </value>
            </param>
          </params>
          <reporter-output>
          </reporter-output>
        </test-method> <!-- tearDown -->
        <test-method is-config="true" signature="setUp()[pri:0, instance:qa.testcases.HomePageTest@197d671]" started-at="2022-07-20T18:41:14 NZST" name="setUp" finished-at="2022-07-20T18:41:16 NZST" duration-ms="1881" status="PASS">
          <reporter-output>
          </reporter-output>
        </test-method> <!-- setUp -->
        <test-method signature="registerNewUser()[pri:1, instance:qa.testcases.HomePageTest@197d671]" started-at="2022-07-20T18:41:16 NZST" name="registerNewUser" finished-at="2022-07-20T18:41:17 NZST" duration-ms="1057" status="PASS">
          <reporter-output>
          </reporter-output>
        </test-method> <!-- registerNewUser -->
        <test-method is-config="true" signature="tearDown(org.testng.ITestResult)[pri:0, instance:qa.testcases.HomePageTest@197d671]" started-at="2022-07-20T18:41:17 NZST" name="tearDown" finished-at="2022-07-20T18:41:17 NZST" duration-ms="754" status="PASS">
          <params>
            <param index="0">
              <value>
                <![CDATA[[TestResult name=registerNewUser status=SUCCESS method=HomePageTest.registerNewUser()[pri:1, instance:qa.testcases.HomePageTest@197d671] output={null}]]]>
              </value>
            </param>
          </params>
          <reporter-output>
          </reporter-output>
        </test-method> <!-- tearDown -->
        <test-method is-config="true" signature="setUp()[pri:0, instance:qa.testcases.HomePageTest@197d671]" started-at="2022-07-20T18:41:17 NZST" name="setUp" finished-at="2022-07-20T18:41:19 NZST" duration-ms="1857" status="PASS">
          <reporter-output>
          </reporter-output>
        </test-method> <!-- setUp -->
        <test-method signature="signIn()[pri:2, instance:qa.testcases.HomePageTest@197d671]" started-at="2022-07-20T18:41:19 NZST" name="signIn" finished-at="2022-07-20T18:41:20 NZST" depends-on-methods="qa.testcases.HomePageTest.registerNewUser" duration-ms="1043" status="PASS">
          <reporter-output>
          </reporter-output>
        </test-method> <!-- signIn -->
        <test-method is-config="true" signature="tearDown(org.testng.ITestResult)[pri:0, instance:qa.testcases.HomePageTest@197d671]" started-at="2022-07-20T18:41:20 NZST" name="tearDown" finished-at="2022-07-20T18:41:21 NZST" duration-ms="759" status="PASS">
          <params>
            <param index="0">
              <value>
                <![CDATA[[TestResult name=signIn status=SUCCESS method=HomePageTest.signIn()[pri:2, instance:qa.testcases.HomePageTest@197d671] output={null}]]]>
              </value>
            </param>
          </params>
          <reporter-output>
          </reporter-output>
        </test-method> <!-- tearDown -->
        <test-method is-config="true" signature="setUp()[pri:0, instance:qa.testcases.HomePageTest@197d671]" started-at="2022-07-20T18:41:21 NZST" name="setUp" finished-at="2022-07-20T18:41:23 NZST" duration-ms="1933" status="PASS">
          <reporter-output>
          </reporter-output>
        </test-method> <!-- setUp -->
        <test-method signature="reRegisterUser()[pri:3, instance:qa.testcases.HomePageTest@197d671]" started-at="2022-07-20T18:41:23 NZST" name="reRegisterUser" finished-at="2022-07-20T18:41:26 NZST" duration-ms="3332" status="PASS">
          <reporter-output>
          </reporter-output>
        </test-method> <!-- reRegisterUser -->
        <test-method is-config="true" signature="tearDown(org.testng.ITestResult)[pri:0, instance:qa.testcases.HomePageTest@197d671]" started-at="2022-07-20T18:41:26 NZST" name="tearDown" finished-at="2022-07-20T18:41:27 NZST" duration-ms="1150" status="PASS">
          <params>
            <param index="0">
              <value>
                <![CDATA[[TestResult name=reRegisterUser status=SUCCESS method=HomePageTest.reRegisterUser()[pri:3, instance:qa.testcases.HomePageTest@197d671] output={null}]]]>
              </value>
            </param>
          </params>
          <reporter-output>
          </reporter-output>
        </test-method> <!-- tearDown -->
        <test-method is-config="true" signature="pauseReporting()[pri:0, instance:qa.testcases.HomePageTest@197d671]" started-at="2022-07-20T18:41:27 NZST" name="pauseReporting" finished-at="2022-07-20T18:41:28 NZST" duration-ms="171" status="PASS">
          <reporter-output>
          </reporter-output>
        </test-method> <!-- pauseReporting -->
      </class> <!-- qa.testcases.HomePageTest -->
    </test> <!-- Test Params -->
  </suite> <!-- Buggy cars suite -->
</testng-results>
