<?xml version="1.0" encoding="UTF-8"?>
<testng-results ignored="0" total="6" passed="6" failed="0" skipped="0">
  <reporter-output>
  </reporter-output>
  <suite started-at="2022-07-20T18:07:51 NZST" name="Buggy cars suite" finished-at="2022-07-20T18:08:24 NZST" duration-ms="32854">
    <groups>
      <group name="regression">
        <method signature="HomePageTest.registerNewUser()[pri:1, instance:qa.testcases.HomePageTest@197d671]" name="registerNewUser" class="qa.testcases.HomePageTest"/>
        <method signature="HomePageTest.signIn()[pri:2, instance:qa.testcases.HomePageTest@197d671]" name="signIn" class="qa.testcases.HomePageTest"/>
        <method signature="HomePageTest.reRegisterUser()[pri:3, instance:qa.testcases.HomePageTest@197d671]" name="reRegisterUser" class="qa.testcases.HomePageTest"/>
      </group> <!-- regression -->
    </groups>
    <test started-at="2022-07-20T18:07:51 NZST" name="Test Params" finished-at="2022-07-20T18:08:24 NZST" duration-ms="32854">
      <class name="qa.testcases.HomePageTest">
        <test-method is-config="true" signature="setVariables()[pri:0, instance:qa.testcases.HomePageTest@197d671]" started-at="2022-07-20T18:07:51 NZST" name="setVariables" finished-at="2022-07-20T18:07:51 NZST" duration-ms="135" status="PASS">
          <reporter-output>
          </reporter-output>
        </test-method> <!-- setVariables -->
        <test-method is-config="true" signature="setUp()[pri:0, instance:qa.testcases.HomePageTest@197d671]" started-at="2022-07-20T18:07:51 NZST" name="setUp" finished-at="2022-07-20T18:07:54 NZST" duration-ms="2708" status="PASS">
          <reporter-output>
          </reporter-output>
        </test-method> <!-- setUp -->
        <test-method signature="addComment()[pri:0, instance:qa.testcases.HomePageTest@197d671]" started-at="2022-07-20T18:07:54 NZST" name="addComment" finished-at="2022-07-20T18:08:00 NZST" duration-ms="5994" status="PASS">
          <reporter-output>
          </reporter-output>
        </test-method> <!-- addComment -->
        <test-method is-config="true" signature="tearDown(org.testng.ITestResult)[pri:0, instance:qa.testcases.HomePageTest@197d671]" started-at="2022-07-20T18:08:00 NZST" name="tearDown" finished-at="2022-07-20T18:08:02 NZST" duration-ms="1469" status="PASS">
          <params>
            <param index="0">
              <value>
                <![CDATA[[TestResult name=addComment status=SUCCESS method=HomePageTest.addComment()[pri:0, instance:qa.testcases.HomePageTest@197d671] output={null}]]]>
              </value>
            </param>
          </params>
          <reporter-output>
          </reporter-output>
        </test-method> <!-- tearDown -->
        <test-method is-config="true" signature="setUp()[pri:0, instance:qa.testcases.HomePageTest@197d671]" started-at="2022-07-20T18:08:02 NZST" name="setUp" finished-at="2022-07-20T18:08:04 NZST" duration-ms="2169" status="PASS">
          <reporter-output>
          </reporter-output>
        </test-method> <!-- setUp -->
        <test-method signature="checkBrokenLinks()[pri:0, instance:qa.testcases.HomePageTest@197d671]" started-at="2022-07-20T18:08:04 NZST" name="checkBrokenLinks" finished-at="2022-07-20T18:08:06 NZST" duration-ms="1815" status="PASS">
          <reporter-output>
          </reporter-output>
        </test-method> <!-- checkBrokenLinks -->
        <test-method is-config="true" signature="tearDown(org.testng.ITestResult)[pri:0, instance:qa.testcases.HomePageTest@197d671]" started-at="2022-07-20T18:08:06 NZST" name="tearDown" finished-at="2022-07-20T18:08:06 NZST" duration-ms="809" status="PASS">
          <params>
            <param index="0">
              <value>
                <![CDATA[[TestResult name=checkBrokenLinks status=SUCCESS method=HomePageTest.checkBrokenLinks()[pri:0, instance:qa.testcases.HomePageTest@197d671] output={null}]]]>
              </value>
            </param>
          </params>
          <reporter-output>
          </reporter-output>
        </test-method> <!-- tearDown -->
        <test-method is-config="true" signature="setUp()[pri:0, instance:qa.testcases.HomePageTest@197d671]" started-at="2022-07-20T18:08:06 NZST" name="setUp" finished-at="2022-07-20T18:08:08 NZST" duration-ms="1984" status="PASS">
          <reporter-output>
          </reporter-output>
        </test-method> <!-- setUp -->
        <test-method signature="verifyPasswordNotification()[pri:0, instance:qa.testcases.HomePageTest@197d671]" started-at="2022-07-20T18:08:08 NZST" name="verifyPasswordNotification" finished-at="2022-07-20T18:08:09 NZST" duration-ms="544" status="PASS">
          <reporter-output>
          </reporter-output>
        </test-method> <!-- verifyPasswordNotification -->
        <test-method is-config="true" signature="tearDown(org.testng.ITestResult)[pri:0, instance:qa.testcases.HomePageTest@197d671]" started-at="2022-07-20T18:08:09 NZST" name="tearDown" finished-at="2022-07-20T18:08:10 NZST" duration-ms="740" status="PASS">
          <params>
            <param index="0">
              <value>
                <![CDATA[[TestResult name=verifyPasswordNotification status=SUCCESS method=HomePageTest.verifyPasswordNotification()[pri:0, instance:qa.testcases.HomePageTest@197d671] output={null}]]]>
              </value>
            </param>
          </params>
          <reporter-output>
          </reporter-output>
        </test-method> <!-- tearDown -->
        <test-method is-config="true" signature="setUp()[pri:0, instance:qa.testcases.HomePageTest@197d671]" started-at="2022-07-20T18:08:10 NZST" name="setUp" finished-at="2022-07-20T18:08:12 NZST" duration-ms="2002" status="PASS">
          <reporter-output>
          </reporter-output>
        </test-method> <!-- setUp -->
        <test-method signature="registerNewUser()[pri:1, instance:qa.testcases.HomePageTest@197d671]" started-at="2022-07-20T18:08:12 NZST" name="registerNewUser" finished-at="2022-07-20T18:08:13 NZST" duration-ms="1519" status="PASS">
          <reporter-output>
          </reporter-output>
        </test-method> <!-- registerNewUser -->
        <test-method is-config="true" signature="tearDown(org.testng.ITestResult)[pri:0, instance:qa.testcases.HomePageTest@197d671]" started-at="2022-07-20T18:08:13 NZST" name="tearDown" finished-at="2022-07-20T18:08:14 NZST" duration-ms="707" status="PASS">
          <params>
            <param index="0">
              <value>
                <![CDATA[[TestResult name=registerNewUser status=SUCCESS method=HomePageTest.registerNewUser()[pri:1, instance:qa.testcases.HomePageTest@197d671] output={null}]]]>
              </value>
            </param>
          </params>
          <reporter-output>
          </reporter-output>
        </test-method> <!-- tearDown -->
        <test-method is-config="true" signature="setUp()[pri:0, instance:qa.testcases.HomePageTest@197d671]" started-at="2022-07-20T18:08:14 NZST" name="setUp" finished-at="2022-07-20T18:08:16 NZST" duration-ms="2249" status="PASS">
          <reporter-output>
          </reporter-output>
        </test-method> <!-- setUp -->
        <test-method signature="signIn()[pri:2, instance:qa.testcases.HomePageTest@197d671]" started-at="2022-07-20T18:08:16 NZST" name="signIn" finished-at="2022-07-20T18:08:17 NZST" depends-on-methods="qa.testcases.HomePageTest.registerNewUser" duration-ms="994" status="PASS">
          <reporter-output>
          </reporter-output>
        </test-method> <!-- signIn -->
        <test-method is-config="true" signature="tearDown(org.testng.ITestResult)[pri:0, instance:qa.testcases.HomePageTest@197d671]" started-at="2022-07-20T18:08:17 NZST" name="tearDown" finished-at="2022-07-20T18:08:18 NZST" duration-ms="759" status="PASS">
          <params>
            <param index="0">
              <value>
                <![CDATA[[TestResult name=signIn status=SUCCESS method=HomePageTest.signIn()[pri:2, instance:qa.testcases.HomePageTest@197d671] output={null}]]]>
              </value>
            </param>
          </params>
          <reporter-output>
          </reporter-output>
        </test-method> <!-- tearDown -->
        <test-method is-config="true" signature="setUp()[pri:0, instance:qa.testcases.HomePageTest@197d671]" started-at="2022-07-20T18:08:18 NZST" name="setUp" finished-at="2022-07-20T18:08:20 NZST" duration-ms="1855" status="PASS">
          <reporter-output>
          </reporter-output>
        </test-method> <!-- setUp -->
        <test-method signature="reRegisterUser()[pri:3, instance:qa.testcases.HomePageTest@197d671]" started-at="2022-07-20T18:08:20 NZST" name="reRegisterUser" finished-at="2022-07-20T18:08:23 NZST" duration-ms="3331" status="PASS">
          <reporter-output>
          </reporter-output>
        </test-method> <!-- reRegisterUser -->
        <test-method is-config="true" signature="tearDown(org.testng.ITestResult)[pri:0, instance:qa.testcases.HomePageTest@197d671]" started-at="2022-07-20T18:08:23 NZST" name="tearDown" finished-at="2022-07-20T18:08:24 NZST" duration-ms="772" status="PASS">
          <params>
            <param index="0">
              <value>
                <![CDATA[[TestResult name=reRegisterUser status=SUCCESS method=HomePageTest.reRegisterUser()[pri:3, instance:qa.testcases.HomePageTest@197d671] output={null}]]]>
              </value>
            </param>
          </params>
          <reporter-output>
          </reporter-output>
        </test-method> <!-- tearDown -->
        <test-method is-config="true" signature="pauseReporting()[pri:0, instance:qa.testcases.HomePageTest@197d671]" started-at="2022-07-20T18:08:24 NZST" name="pauseReporting" finished-at="2022-07-20T18:08:24 NZST" duration-ms="256" status="PASS">
          <reporter-output>
          </reporter-output>
        </test-method> <!-- pauseReporting -->
      </class> <!-- qa.testcases.HomePageTest -->
    </test> <!-- Test Params -->
  </suite> <!-- Buggy cars suite -->
</testng-results>
